
seed used = 773404825
     23    102

Otolemur_garnettii               ATG GCC AGA TAC AGA TGT TGC CGC AGC CAA AGC AGG AGC AGG TGC CGC CGC CGG AGA AGA TGT CGC AGA CGA AGA AGG TGC TGT CGA CGG AGG AGG AGG TGC 
Callithrix_jacchus               ATG GCC AGG TAC AGA TGC TGC CGC AGC CAG AGC CGG AGC AGA TGC TAC CGC CAA AGA AGA GGT CGC AGA CGA AGG AGG AGC TGC CGG AGA CGG AGG AGT AAG 
Saguinus_imperator               ATG GCC AGG TAC AGA TGC TGC CGC AGC CAG AGC CGG AGC AGA TGC TAC CGC CAA AGA AGA GGT CGC AGA CGA AGG AGG ACG TGC CGG AGA CGG AGA AGG TGC 
Ateles_sp                        ATG GCC AGG TAC AGA TGC TGC CGC AGC CGC AGC CGG AGC AGA TGC TAC CGC CAA AGA AGA TGT CGC AGA CGA AGG AGG AGC TGC CGG AGA CGG AGA AGG TGC 
Alouatta_seniculus               ATG GCC AGG TAC AGA TGC TGC CGC AGC CGC AGC CGG AGC AGA TGC TAC CGC CAA AGA AGA TGT CGC AGA CGA AGG AGG AGC TGC CGG AGA CCA AGA AGA TGC 
Hylobates_lar                    ATG GCC AGG TAC AGA TGC TGT CGC AGC CAG AGC CGG AGC AGA TGT TAC CGC CGG GGA AGA AGT CGC AGA CGA AGG AGG AGC TGC CAG CGC AGG AGA AGG TGC 
Pongo_pygmaeus                   ATG GCC AGG TAC AGA TGC TGT CGC AGC CAG AGC CAG AGC AGA TGT TGC CGC CGG AGA AGA TGT CAC AGA CGA AGG AGG TGC TGC CAG CGG AGG AGG AGG TGC 
Papio_cynocephalus               ATG GCC AGG TAC AGA TGC TGT CGC AGC CAG AGC CGG AGC AGA TGC TGC CGC CGG AGA AGA TGT CGC AGA CGA AGG AGG AGA TGC CGG CGG AGG AGA AGG TGC 
Gorilla_gorilla                  ATG GCC AGG TAC AGA TGC TGT CGC AGC CAG AGC CGG AGC AGA TGT TAC CGC CAG AGA ACA AGT CGC AGA CGA AGG AGG AGC TGC CAG CAG AGG AGA AGG TGC 
Nasalis_larvatus                 ATG GCC AAG TCC AGA TGC TGT GGC AGC CAG AGC CGG AGC AGA TGC TGC CGC CCG AGA AGA TGT CGC AGA CGA AGG AGG AGC TGC CGG CGG AGG AGA AGG TGC 
Procolobus_badius                ATG GCC AGG TAC AGA TGC TGT CGC AGC CAG AGC CGG AGC AGA TGC TGC CGC CGG AGA AGA TGT CGC AGA CGA AGG AGG AGA TGC CGG CGG AGG ACA AGG TGC 
Colobus_guereza                  ATG GCC AGG TAC AGA TGC CGT CGC AGC CAG AGC CGG AGC AGA TGC TGC CGC CAG AGA AGA TGT CGC AGA CGA AGG AGG AGA TTC CGG CGG AAG AGA AGG TGC 
Macaca_fascicularis              ATG GCC AGG TAC AGA TGC TGT TGC AGC CAG AGC CGG AGC AGA TGC TGC CGC CGG AGA AGA TGT CGC AGA CGA AGG AGG AGA TGC CGG CGG AGG AGA AGG TGC 
Macaca_mulatta                   ATG GCC AGG TAC AGA TGC TGT CGC AGC CAG AGC CGG AGC AGA TGC TGC CGC CGG AGA AGA TGT CGC AGA CGA AGG AGG AGA TGC CGG CGG AGG AGA AGG TGC 
Homo_sapiens                     ATG GCC AGG TAC AGA TGC TGT CGC AGC CAG AGC CGG AGC AGA TAT TAC CGC CAG AGA AGA AGT CGC AGA CGA AGG AGG AGC TGC CAG CGG AGG AGA AGG TGC 
Pan_paniscus                     ATG GCC AGG TAC AGA TGC TGT CGC AGC CAG AGC CGG AGC AGA TGT TAC CGC CAG AGA CGA AGT CGC AGA CGA AAG AGG AGC TGC CAG CAG AGG AGA AGG TGC 
Pan_troglodytes                  ATG GCC AGG TAC AGA TGC TGT CGC AGC CAG AGC CGG AGC AGA TGT TAC CGC CAG AGA AGA AGT CGC AGA CGA AAG AGG AGC TGC CAG CAG AGG AGA AGG TGC 
Trachypithecus_obscurus          ATG GCC AGG TAT AGA TGC TGT CGC AGC CAG AGC CGG AGC AGA TGC TGC CGC CCG AGA AGA TGT CGC AGA CGA AGG AGG AGC TGC CGG CGG AGG AGA AGG TGC 
Trachypithecus_cristatus         ATG GCC AGG TAT AGA TGC TGT CGC AGC CAG AGC CGG AGC AGA TGC TGC CGC CCG AGA AGA TGT CGC AGA CGA AGG AGG AGC TGC CGG CGG AGG AGA AGG TGC 
Trachypithecus_geei              ATG GCC AGG TAC AGA TGC TGT CGC AGC CAG AGC CGG AGC AGA TGC TGC CGC CCG AGA AGA TGT CGC AGA CGA AGG AGG AGC TGC CGG CGG AGG AGA AGG TGC 
Semnopithecus_entellus           ATG GCC AGG TAC AGA CGC TGT CGC AGC CAG AGC CGG AGC AGA TGC TGC CGC CCG AGA AGA TGT CGC AGA CGG AGG CGG AGC TGC CGG CGG AGG AGA AGG TGC 
Trachypithecus_johnii            ATG GCC AGG TAC AGA CGC TGT CGC AGC CAG AGC CGG AGC AGA TGC TGC CGC CCG AGA AGA TGT CGC AGA CGA AGG AGG AGC TGC CGG CGG AGG AGA AGG TGC 
Trachypithecus_vetulus           ATG GCC AGG TAC AGA CGC TGT CGC AGC CAG AGC CGG AGC AGA TGC TGC CGC CCG AGA AGA TGT CGC AGA CGG AGG CGG AGC TGC CGG CGG AGG AGA AGG TGC 



Printing out site pattern counts


        23         93  P

Otolemur_garnettii    ATG GCC AGA TAC AGA TGT TGC CGC AGC CAA AGG AGG TGC CGC CGC CGG AGA AGA TGT CGC CGA AGA AGG TGC TGT CGA CGG AGG AGG AGG TGC 
Callithrix_jacchus    ... ... ..G ... ... ..C ... ... ... ..G C.. ..A ... TA. ... .AA ... ... G.. ... ... ..G ... A.. ..C ..G A.A C.. ... ..T AAG 
Saguinus_imperator    ... ... ..G ... ... ..C ... ... ... ..G C.. ..A ... TA. ... .AA ... ... G.. ... ... ..G ... ACG ..C ..G A.A C.. ..A ... ... 
Ateles_sp             ... ... ..G ... ... ..C ... ... ... .GC C.. ..A ... TA. ... .AA ... ... ... ... ... ..G ... A.. ..C ..G A.A C.. ..A ... ... 
Alouatta_seniculus    ... ... ..G ... ... ..C ... ... ... .GC C.. ..A ... TA. ... .AA ... ... ... ... ... ..G ... A.. ..C ..G A.A CCA ..A ..A ... 
Hylobates_lar         ... ... ..G ... ... ..C ..T ... ... ..G C.. ..A ..T TA. ... ... G.. ... A.. ... ... ..G ... A.. ..C .AG ..C ... ..A ... ... 
Pongo_pygmaeus        ... ... ..G ... ... ..C ..T ... ... ..G CA. ..A ..T T.. ... ... ... ... ... .A. ... ..G ... ... ..C .AG ... ... ... ... ... 
Papio_cynocephalus    ... ... ..G ... ... ..C ..T ... ... ..G C.. ..A ... T.. ... ... ... ... ... ... ... ..G ... A.A ..C ..G ... ... ..A ... ... 
Gorilla_gorilla       ... ... ..G ... ... ..C ..T ... ... ..G C.. ..A ..T TA. ... .A. ... .C. A.. ... ... ..G ... A.. ..C .AG .A. ... ..A ... ... 
Nasalis_larvatus      ... ... .AG .C. ... ..C ..T G.. ... ..G C.. ..A ... T.. ... .C. ... ... ... ... ... ..G ... A.. ..C ..G ... ... ..A ... ... 
Procolobus_badius     ... ... ..G ... ... ..C ..T ... ... ..G C.. ..A ... T.. ... ... ... ... ... ... ... ..G ... A.A ..C ..G ... ... .CA ... ... 
Colobus_guereza       ... ... ..G ... ... ..C C.T ... ... ..G C.. ..A ... T.. ... .A. ... ... ... ... ... ..G ... A.A .TC ..G ... .A. ..A ... ... 
Macaca_fascicularis   ... ... ..G ... ... ..C ..T T.. ... ..G C.. ..A ... T.. ... ... ... ... ... ... ... ..G ... A.A ..C ..G ... ... ..A ... ... 
Macaca_mulatta        ... ... ..G ... ... ..C ..T ... ... ..G C.. ..A ... T.. ... ... ... ... ... ... ... ..G ... A.A ..C ..G ... ... ..A ... ... 
Homo_sapiens          ... ... ..G ... ... ..C ..T ... ... ..G C.. ..A .AT TA. ... .A. ... ... A.. ... ... ..G ... A.. ..C .AG ... ... ..A ... ... 
Pan_paniscus          ... ... ..G ... ... ..C ..T ... ... ..G C.. ..A ..T TA. ... .A. ... C.. A.. ... ... .AG ... A.. ..C .AG .A. ... ..A ... ... 
Pan_troglodytes       ... ... ..G ... ... ..C ..T ... ... ..G C.. ..A ..T TA. ... .A. ... ... A.. ... ... .AG ... A.. ..C .AG .A. ... ..A ... ... 
Trachypithecus_obscurus  ... ... ..G ..T ... ..C ..T ... ... ..G C.. ..A ... T.. ... .C. ... ... ... ... ... ..G ... A.. ..C ..G ... ... ..A ... ... 
Trachypithecus_cristatus  ... ... ..G ..T ... ..C ..T ... ... ..G C.. ..A ... T.. ... .C. ... ... ... ... ... ..G ... A.. ..C ..G ... ... ..A ... ... 
Trachypithecus_geei   ... ... ..G ... ... ..C ..T ... ... ..G C.. ..A ... T.. ... .C. ... ... ... ... ... ..G ... A.. ..C ..G ... ... ..A ... ... 
Semnopithecus_entellus  ... ... ..G ... ... C.C ..T ... ... ..G C.. ..A ... T.. ... .C. ... ... ... ... ..G ..G C.. A.. ..C ..G ... ... ..A ... ... 
Trachypithecus_johnii  ... ... ..G ... ... C.C ..T ... ... ..G C.. ..A ... T.. ... .C. ... ... ... ... ... ..G ... A.. ..C ..G ... ... ..A ... ... 
Trachypithecus_vetulus  ... ... ..G ... ... C.C ..T ... ... ..G C.. ..A ... T.. ... .C. ... ... ... ... ..G ..G C.. A.. ..C ..G ... ... ..A ... ... 

    1    1    1    1    2    1    1    1    3    1    1    1    1    1    1
    1    1    1    1    1    1    1    1    1    1    1    1    1    1    1
    1

CODONML (in paml version 4, June 2007)    algn   Model: free dN/dS Ratios for branches 
Codon frequencies: F3x4
ns =  23  ls =  34

Codon usage in sequences
--------------------------------------------------------------------------------------------------------------
Phe TTT  0  0  0  0  0  0 | Ser TCT  0  0  0  0  0  0 | Tyr TAT  0  0  0  0  0  0 | Cys TGT  3  0  0  1  1  2
    TTC  0  0  0  0  0  0 |     TCC  0  0  0  0  0  0 |     TAC  1  2  2  2  2  2 |     TGC  4  4  5  5  5  3
Leu TTA  0  0  0  0  0  0 |     TCA  0  0  0  0  0  0 | *** TAA  0  0  0  0  0  0 | *** TGA  0  0  0  0  0  0
    TTG  0  0  0  0  0  0 |     TCG  0  0  0  0  0  0 |     TAG  0  0  0  0  0  0 | Trp TGG  0  0  0  0  0  0
--------------------------------------------------------------------------------------------------------------
Leu CTT  0  0  0  0  0  0 | Pro CCT  0  0  0  0  0  0 | His CAT  0  0  0  0  0  0 | Arg CGT  0  0  0  0  0  0
    CTC  0  0  0  0  0  0 |     CCC  0  0  0  0  0  0 |     CAC  0  0  0  0  0  0 |     CGC  4  3  3  4  4  4
    CTA  0  0  0  0  0  0 |     CCA  0  0  0  0  1  0 | Gln CAA  1  1  1  1  1  0 |     CGA  2  1  1  1  1  1
    CTG  0  0  0  0  0  0 |     CCG  0  0  0  0  0  0 |     CAG  0  1  1  0  0  2 |     CGG  2  3  3  3  2  2
--------------------------------------------------------------------------------------------------------------
Ile ATT  0  0  0  0  0  0 | Thr ACT  0  0  0  0  0  0 | Asn AAT  0  0  0  0  0  0 | Ser AGT  0  1  0  0  0  1
    ATC  0  0  0  0  0  0 |     ACC  0  0  0  0  0  0 |     AAC  0  0  0  0  0  0 |     AGC  3  4  3  4  4  4
    ATA  0  0  0  0  0  0 |     ACA  0  0  0  0  0  0 | Lys AAA  0  0  0  0  0  0 | Arg AGA  6  6  7  7  8  5
Met ATG  1  1  1  1  1  1 |     ACG  0  0  1  0  0  0 |     AAG  0  1  0  0  0  0 |     AGG  6  4  4  4  3  5
--------------------------------------------------------------------------------------------------------------
Val GTT  0  0  0  0  0  0 | Ala GCT  0  0  0  0  0  0 | Asp GAT  0  0  0  0  0  0 | Gly GGT  0  1  1  0  0  0
    GTC  0  0  0  0  0  0 |     GCC  1  1  1  1  1  1 |     GAC  0  0  0  0  0  0 |     GGC  0  0  0  0  0  0
    GTA  0  0  0  0  0  0 |     GCA  0  0  0  0  0  0 | Glu GAA  0  0  0  0  0  0 |     GGA  0  0  0  0  0  1
    GTG  0  0  0  0  0  0 |     GCG  0  0  0  0  0  0 |     GAG  0  0  0  0  0  0 |     GGG  0  0  0  0  0  0
--------------------------------------------------------------------------------------------------------------

--------------------------------------------------------------------------------------------------------------
Phe TTT  0  0  0  0  0  0 | Ser TCT  0  0  0  0  0  0 | Tyr TAT  0  0  0  0  0  0 | Cys TGT  3  2  2  2  2  1
    TTC  0  0  0  0  0  1 |     TCC  0  0  0  1  0  0 |     TAC  1  1  2  0  1  1 |     TGC  5  5  3  5  5  4
Leu TTA  0  0  0  0  0  0 |     TCA  0  0  0  0  0  0 | *** TAA  0  0  0  0  0  0 | *** TGA  0  0  0  0  0  0
    TTG  0  0  0  0  0  0 |     TCG  0  0  0  0  0  0 |     TAG  0  0  0  0  0  0 | Trp TGG  0  0  0  0  0  0
--------------------------------------------------------------------------------------------------------------
Leu CTT  0  0  0  0  0  0 | Pro CCT  0  0  0  0  0  0 | His CAT  0  0  0  0  0  0 | Arg CGT  0  0  0  0  0  1
    CTC  0  0  0  0  0  0 |     CCC  0  0  0  0  0  0 |     CAC  1  0  0  0  0  0 |     CGC  2  3  3  2  3  3
    CTA  0  0  0  0  0  0 |     CCA  0  0  0  0  0  0 | Gln CAA  0  0  0  0  0  0 |     CGA  1  1  1  1  1  1
    CTG  0  0  0  0  0  0 |     CCG  0  0  0  1  0  0 |     CAG  3  1  4  1  1  2 |     CGG  2  4  1  3  4  3
--------------------------------------------------------------------------------------------------------------
Ile ATT  0  0  0  0  0  0 | Thr ACT  0  0  0  0  0  0 | Asn AAT  0  0  0  0  0  0 | Ser AGT  0  0  1  0  0  0
    ATC  0  0  0  0  0  0 |     ACC  0  0  0  0  0  0 |     AAC  0  0  0  0  0  0 |     AGC  3  3  4  4  3  3
    ATA  0  0  0  0  0  0 |     ACA  0  0  1  0  1  0 | Lys AAA  0  0  0  0  0  0 | Arg AGA  5  7  5  6  6  7
Met ATG  1  1  1  1  1  1 |     ACG  0  0  0  0  0  0 |     AAG  0  0  0  1  0  1 |     AGG  6  5  5  4  5  4
--------------------------------------------------------------------------------------------------------------
Val GTT  0  0  0  0  0  0 | Ala GCT  0  0  0  0  0  0 | Asp GAT  0  0  0  0  0  0 | Gly GGT  0  0  0  0  0  0
    GTC  0  0  0  0  0  0 |     GCC  1  1  1  1  1  1 |     GAC  0  0  0  0  0  0 |     GGC  0  0  0  1  0  0
    GTA  0  0  0  0  0  0 |     GCA  0  0  0  0  0  0 | Glu GAA  0  0  0  0  0  0 |     GGA  0  0  0  0  0  0
    GTG  0  0  0  0  0  0 |     GCG  0  0  0  0  0  0 |     GAG  0  0  0  0  0  0 |     GGG  0  0  0  0  0  0
--------------------------------------------------------------------------------------------------------------

--------------------------------------------------------------------------------------------------------------
Phe TTT  0  0  0  0  0  0 | Ser TCT  0  0  0  0  0  0 | Tyr TAT  0  0  1  0  0  1 | Cys TGT  2  2  1  2  2  2
    TTC  0  0  0  0  0  0 |     TCC  0  0  0  0  0  0 |     TAC  1  1  2  2  2  0 |     TGC  6  5  3  3  3  5
Leu TTA  0  0  0  0  0  0 |     TCA  0  0  0  0  0  0 | *** TAA  0  0  0  0  0  0 | *** TGA  0  0  0  0  0  0
    TTG  0  0  0  0  0  0 |     TCG  0  0  0  0  0  0 |     TAG  0  0  0  0  0  0 | Trp TGG  0  0  0  0  0  0
--------------------------------------------------------------------------------------------------------------
Leu CTT  0  0  0  0  0  0 | Pro CCT  0  0  0  0  0  0 | His CAT  0  0  0  0  0  0 | Arg CGT  0  0  0  0  0  0
    CTC  0  0  0  0  0  0 |     CCC  0  0  0  0  0  0 |     CAC  0  0  0  0  0  0 |     CGC  2  3  3  3  3  3
    CTA  0  0  0  0  0  0 |     CCA  0  0  0  0  0  0 | Gln CAA  0  0  0  0  0  0 |     CGA  1  1  1  2  1  1
    CTG  0  0  0  0  0  0 |     CCG  0  0  0  0  0  1 |     CAG  1  1  3  4  4  1 |     CGG  4  4  2  1  1  3
--------------------------------------------------------------------------------------------------------------
Ile ATT  0  0  0  0  0  0 | Thr ACT  0  0  0  0  0  0 | Asn AAT  0  0  0  0  0  0 | Ser AGT  0  0  1  1  1  0
    ATC  0  0  0  0  0  0 |     ACC  0  0  0  0  0  0 |     AAC  0  0  0  0  0  0 |     AGC  3  3  4  4  4  4
    ATA  0  0  0  0  0  0 |     ACA  0  0  0  0  0  0 | Lys AAA  0  0  0  0  0  0 | Arg AGA  7  7  6  5  6  6
Met ATG  1  1  1  1  1  1 |     ACG  0  0  0  0  0  0 |     AAG  0  0  0  1  1  0 |     AGG  5  5  5  4  4  5
--------------------------------------------------------------------------------------------------------------
Val GTT  0  0  0  0  0  0 | Ala GCT  0  0  0  0  0  0 | Asp GAT  0  0  0  0  0  0 | Gly GGT  0  0  0  0  0  0
    GTC  0  0  0  0  0  0 |     GCC  1  1  1  1  1  1 |     GAC  0  0  0  0  0  0 |     GGC  0  0  0  0  0  0
    GTA  0  0  0  0  0  0 |     GCA  0  0  0  0  0  0 | Glu GAA  0  0  0  0  0  0 |     GGA  0  0  0  0  0  0
    GTG  0  0  0  0  0  0 |     GCG  0  0  0  0  0  0 |     GAG  0  0  0  0  0  0 |     GGG  0  0  0  0  0  0
--------------------------------------------------------------------------------------------------------------

--------------------------------------------------------------------------------------------------
Phe TTT  0  0  0  0  0 | Ser TCT  0  0  0  0  0 | Tyr TAT  1  0  0  0  0 | Cys TGT  2  2  2  2  2
    TTC  0  0  0  0  0 |     TCC  0  0  0  0  0 |     TAC  0  1  1  1  1 |     TGC  5  5  4  4  4
Leu TTA  0  0  0  0  0 |     TCA  0  0  0  0  0 | *** TAA  0  0  0  0  0 | *** TGA  0  0  0  0  0
    TTG  0  0  0  0  0 |     TCG  0  0  0  0  0 |     TAG  0  0  0  0  0 | Trp TGG  0  0  0  0  0
--------------------------------------------------------------------------------------------------
Leu CTT  0  0  0  0  0 | Pro CCT  0  0  0  0  0 | His CAT  0  0  0  0  0 | Arg CGT  0  0  0  0  0
    CTC  0  0  0  0  0 |     CCC  0  0  0  0  0 |     CAC  0  0  0  0  0 |     CGC  3  3  4  4  4
    CTA  0  0  0  0  0 |     CCA  0  0  0  0  0 | Gln CAA  0  0  0  0  0 |     CGA  1  1  0  1  0
    CTG  0  0  0  0  0 |     CCG  1  1  1  1  1 |     CAG  1  1  1  1  1 |     CGG  3  3  5  3  5
--------------------------------------------------------------------------------------------------
Ile ATT  0  0  0  0  0 | Thr ACT  0  0  0  0  0 | Asn AAT  0  0  0  0  0 | Ser AGT  0  0  0  0  0
    ATC  0  0  0  0  0 |     ACC  0  0  0  0  0 |     AAC  0  0  0  0  0 |     AGC  4  4  4  4  4
    ATA  0  0  0  0  0 |     ACA  0  0  0  0  0 | Lys AAA  0  0  0  0  0 | Arg AGA  6  6  6  6  6
Met ATG  1  1  1  1  1 |     ACG  0  0  0  0  0 |     AAG  0  0  0  0  0 |     AGG  5  5  4  5  4
--------------------------------------------------------------------------------------------------
Val GTT  0  0  0  0  0 | Ala GCT  0  0  0  0  0 | Asp GAT  0  0  0  0  0 | Gly GGT  0  0  0  0  0
    GTC  0  0  0  0  0 |     GCC  1  1  1  1  1 |     GAC  0  0  0  0  0 |     GGC  0  0  0  0  0
    GTA  0  0  0  0  0 |     GCA  0  0  0  0  0 | Glu GAA  0  0  0  0  0 |     GGA  0  0  0  0  0
    GTG  0  0  0  0  0 |     GCG  0  0  0  0  0 |     GAG  0  0  0  0  0 |     GGG  0  0  0  0  0
--------------------------------------------------------------------------------------------------

Codon position x base (3x4) table for each sequence.

#1: Otolemur_garnettii
position  1:    T:0.23529    C:0.26471    A:0.47059    G:0.02941
position  2:    T:0.02941    C:0.02941    A:0.05882    G:0.88235
position  3:    T:0.08824    C:0.38235    A:0.26471    G:0.26471
Average         T:0.11765    C:0.22549    A:0.26471    G:0.39216

#2: Callithrix_jacchus
position  1:    T:0.17647    C:0.26471    A:0.50000    G:0.05882
position  2:    T:0.02941    C:0.02941    A:0.14706    G:0.79412
position  3:    T:0.05882    C:0.41176    A:0.23529    G:0.29412
Average         T:0.08824    C:0.23529    A:0.29412    G:0.38235

#3: Saguinus_imperator
position  1:    T:0.20588    C:0.26471    A:0.47059    G:0.05882
position  2:    T:0.02941    C:0.05882    A:0.11765    G:0.79412
position  3:    T:0.02941    C:0.41176    A:0.26471    G:0.29412
Average         T:0.08824    C:0.24510    A:0.28431    G:0.38235

#4: Ateles_sp      
position  1:    T:0.23529    C:0.26471    A:0.47059    G:0.02941
position  2:    T:0.02941    C:0.02941    A:0.08824    G:0.85294
position  3:    T:0.02941    C:0.47059    A:0.26471    G:0.23529
Average         T:0.09804    C:0.25490    A:0.27451    G:0.37255

#5: Alouatta_seniculus
position  1:    T:0.23529    C:0.26471    A:0.47059    G:0.02941
position  2:    T:0.02941    C:0.05882    A:0.08824    G:0.82353
position  3:    T:0.02941    C:0.47059    A:0.32353    G:0.17647
Average         T:0.09804    C:0.26471    A:0.29412    G:0.34314

#6: Hylobates_lar  
position  1:    T:0.20588    C:0.26471    A:0.47059    G:0.05882
position  2:    T:0.02941    C:0.02941    A:0.11765    G:0.82353
position  3:    T:0.08824    C:0.41176    A:0.20588    G:0.29412
Average         T:0.10784    C:0.23529    A:0.26471    G:0.39216

#7: Pongo_pygmaeus 
position  1:    T:0.26471    C:0.26471    A:0.44118    G:0.02941
position  2:    T:0.02941    C:0.02941    A:0.14706    G:0.79412
position  3:    T:0.08824    C:0.38235    A:0.17647    G:0.35294
Average         T:0.12745    C:0.22549    A:0.25490    G:0.39216

#8: Papio_cynocephalus
position  1:    T:0.23529    C:0.26471    A:0.47059    G:0.02941
position  2:    T:0.02941    C:0.02941    A:0.05882    G:0.88235
position  3:    T:0.05882    C:0.38235    A:0.23529    G:0.32353
Average         T:0.10784    C:0.22549    A:0.25490    G:0.41176

#9: Gorilla_gorilla
position  1:    T:0.20588    C:0.26471    A:0.50000    G:0.02941
position  2:    T:0.02941    C:0.05882    A:0.17647    G:0.73529
position  3:    T:0.08824    C:0.38235    A:0.20588    G:0.32353
Average         T:0.10784    C:0.23529    A:0.29412    G:0.36275

#10: Nasalis_larvatus
position  1:    T:0.23529    C:0.23529    A:0.47059    G:0.05882
position  2:    T:0.02941    C:0.08824    A:0.05882    G:0.82353
position  3:    T:0.05882    C:0.41176    A:0.20588    G:0.32353
Average         T:0.10784    C:0.24510    A:0.24510    G:0.40196

#11: Procolobus_badius
position  1:    T:0.23529    C:0.26471    A:0.47059    G:0.02941
position  2:    T:0.02941    C:0.05882    A:0.05882    G:0.85294
position  3:    T:0.05882    C:0.38235    A:0.23529    G:0.32353
Average         T:0.10784    C:0.23529    A:0.25490    G:0.40196

#12: Colobus_guereza
position  1:    T:0.20588    C:0.29412    A:0.47059    G:0.02941
position  2:    T:0.05882    C:0.02941    A:0.11765    G:0.79412
position  3:    T:0.05882    C:0.38235    A:0.23529    G:0.32353
Average         T:0.10784    C:0.23529    A:0.27451    G:0.38235

#13: Macaca_fascicularis
position  1:    T:0.26471    C:0.23529    A:0.47059    G:0.02941
position  2:    T:0.02941    C:0.02941    A:0.05882    G:0.88235
position  3:    T:0.05882    C:0.38235    A:0.23529    G:0.32353
Average         T:0.11765    C:0.21569    A:0.25490    G:0.41176

#14: Macaca_mulatta 
position  1:    T:0.23529    C:0.26471    A:0.47059    G:0.02941
position  2:    T:0.02941    C:0.02941    A:0.05882    G:0.88235
position  3:    T:0.05882    C:0.38235    A:0.23529    G:0.32353
Average         T:0.10784    C:0.22549    A:0.25490    G:0.41176

#15: Homo_sapiens   
position  1:    T:0.20588    C:0.26471    A:0.50000    G:0.02941
position  2:    T:0.02941    C:0.02941    A:0.17647    G:0.76471
position  3:    T:0.08824    C:0.38235    A:0.20588    G:0.32353
Average         T:0.10784    C:0.22549    A:0.29412    G:0.37255

#16: Pan_paniscus   
position  1:    T:0.20588    C:0.29412    A:0.47059    G:0.02941
position  2:    T:0.02941    C:0.02941    A:0.20588    G:0.73529
position  3:    T:0.08824    C:0.38235    A:0.20588    G:0.32353
Average         T:0.10784    C:0.23529    A:0.29412    G:0.36275

#17: Pan_troglodytes
position  1:    T:0.20588    C:0.26471    A:0.50000    G:0.02941
position  2:    T:0.02941    C:0.02941    A:0.20588    G:0.73529
position  3:    T:0.08824    C:0.38235    A:0.20588    G:0.32353
Average         T:0.10784    C:0.22549    A:0.30392    G:0.36275

#18: Trachypithecus_obscurus
position  1:    T:0.23529    C:0.26471    A:0.47059    G:0.02941
position  2:    T:0.02941    C:0.05882    A:0.05882    G:0.85294
position  3:    T:0.08824    C:0.38235    A:0.20588    G:0.32353
Average         T:0.11765    C:0.23529    A:0.24510    G:0.40196

#19: Trachypithecus_cristatus
position  1:    T:0.23529    C:0.26471    A:0.47059    G:0.02941
position  2:    T:0.02941    C:0.05882    A:0.05882    G:0.85294
position  3:    T:0.08824    C:0.38235    A:0.20588    G:0.32353
Average         T:0.11765    C:0.23529    A:0.24510    G:0.40196

#20: Trachypithecus_geei
position  1:    T:0.23529    C:0.26471    A:0.47059    G:0.02941
position  2:    T:0.02941    C:0.05882    A:0.05882    G:0.85294
position  3:    T:0.05882    C:0.41176    A:0.20588    G:0.32353
Average         T:0.10784    C:0.24510    A:0.24510    G:0.40196

#21: Semnopithecus_entellus
position  1:    T:0.20588    C:0.32353    A:0.44118    G:0.02941
position  2:    T:0.02941    C:0.05882    A:0.05882    G:0.85294
position  3:    T:0.05882    C:0.41176    A:0.17647    G:0.35294
Average         T:0.09804    C:0.26471    A:0.22549    G:0.41176

#22: Trachypithecus_johnii
position  1:    T:0.20588    C:0.29412    A:0.47059    G:0.02941
position  2:    T:0.02941    C:0.05882    A:0.05882    G:0.85294
position  3:    T:0.05882    C:0.41176    A:0.20588    G:0.32353
Average         T:0.09804    C:0.25490    A:0.24510    G:0.40196

#23: Trachypithecus_vetulus
position  1:    T:0.20588    C:0.32353    A:0.44118    G:0.02941
position  2:    T:0.02941    C:0.05882    A:0.05882    G:0.85294
position  3:    T:0.05882    C:0.41176    A:0.17647    G:0.35294
Average         T:0.09804    C:0.26471    A:0.22549    G:0.41176

Sums of codon usage counts
------------------------------------------------------------------------------
Phe F TTT       0 | Ser S TCT       0 | Tyr Y TAT       3 | Cys C TGT      40
      TTC       1 |       TCC       1 |       TAC      29 |       TGC     100
Leu L TTA       0 |       TCA       0 | *** * TAA       0 | *** * TGA       0
      TTG       0 |       TCG       0 |       TAG       0 | Trp W TGG       0
------------------------------------------------------------------------------
Leu L CTT       0 | Pro P CCT       0 | His H CAT       0 | Arg R CGT       1
      CTC       0 |       CCC       0 |       CAC       1 |       CGC      73
      CTA       0 |       CCA       1 | Gln Q CAA       5 |       CGA      23
      CTG       0 |       CCG       7 |       CAG      35 |       CGG      66
------------------------------------------------------------------------------
Ile I ATT       0 | Thr T ACT       0 | Asn N AAT       0 | Ser S AGT       6
      ATC       0 |       ACC       0 |       AAC       0 |       AGC      84
      ATA       0 |       ACA       2 | Lys K AAA       0 | Arg R AGA     142
Met M ATG      23 |       ACG       1 |       AAG       5 |       AGG     106
------------------------------------------------------------------------------
Val V GTT       0 | Ala A GCT       0 | Asp D GAT       0 | Gly G GGT       2
      GTC       0 |       GCC      23 |       GAC       0 |       GGC       1
      GTA       0 |       GCA       0 | Glu E GAA       0 |       GGA       1
      GTG       0 |       GCG       0 |       GAG       0 |       GGG       0
------------------------------------------------------------------------------


Codon position x base (3x4) table, overall

position  1:    T:0.22251    C:0.27110    A:0.47187    G:0.03453
position  2:    T:0.03069    C:0.04476    A:0.09974    G:0.82481
position  3:    T:0.06650    C:0.40026    A:0.22251    G:0.31074
Average         T:0.10656    C:0.23870    A:0.26471    G:0.39003

Codon frequencies under model, for use in evolver (TTT TTC TTA TTG ... GGG):
  0.00047934  0.00288525  0.00160394  0.00223999
  0.00069904  0.00420766  0.00233908  0.00326665
  0.00155785  0.00937706  0.00000000  0.00000000
  0.01288223  0.07754109  0.00000000  0.06019963
  0.00058402  0.00351536  0.00195423  0.00272918
  0.00085170  0.00512657  0.00284991  0.00398005
  0.00189807  0.01142493  0.00635124  0.00886983
  0.01569558  0.09447535  0.05251984  0.07334667
  0.00101653  0.00611872  0.00340146  0.00475032
  0.00148244  0.00892313  0.00496046  0.00692754
  0.00330372  0.01988584  0.01105475  0.01543853
  0.02731920  0.16444058  0.09141425  0.12766473
  0.00007438  0.00044771  0.00024889  0.00034758
  0.00010847  0.00065291  0.00036296  0.00050689
  0.00024174  0.00145506  0.00080888  0.00112965
  0.00199897  0.01203224  0.00668885  0.00934132


TREE #  1:  (1, (((2, 3), (4, 5)), ((6, (7, (9, ((16, 17), 15)))), (((13, 14), 8), ((10, ((18, 19), (20, ((22, 23), 21)))), (11, 12))))));   MP score: 60
This is a rooted tree.  Please check!
lnL(ntime: 44  np: 89):   -449.179322     +0.000000
  24..1    24..25   25..26   26..27   27..2    27..3    26..28   28..4    28..5    25..29   29..30   30..6    30..31   31..7    31..32   32..9    32..33   33..34   34..16   34..17   33..15   29..35   35..36   36..37   37..13   37..14   36..8    35..38   38..39   39..10   39..40   40..41   41..18   41..19   40..42   42..20   42..43   43..44   44..22   44..23   43..21   38..45   45..11   45..12 
 0.109058 0.379221 0.188578 0.034040 0.165960 0.062974 0.058417 0.000004 0.087054 0.000000 0.074522 0.080671 0.000000 0.187015 0.084624 0.033985 0.000000 0.032798 0.028865 0.000004 0.066230 0.065924 0.000000 0.000000 0.031783 0.000004 0.000004 0.000000 0.064928 0.103038 0.000000 0.026669 0.000004 0.000004 0.000000 0.000004 0.031912 0.000000 0.000004 0.054818 0.054818 0.000000 0.032167 0.137320 4.218660 999.000000 0.000100 0.120718 999.000000 2.877371 999.000000 0.907837 303.628791 0.340544 0.000100 1.158799 1.224165 4.196410 3.780350 999.000000 999.000000 3.924128 999.000000 0.000100 546.328683 999.000000 999.000000 2.794561 7.742941 999.000000 999.000000 999.000000 3.938293 999.000000 999.000000 2.488323 0.000100 999.000000 751.581763 3.536128 872.843118 999.000000 0.000100 0.000100 0.000100 0.000100 2.132766 999.000000 999.000000

Note: Branch length is defined as number of nucleotide substitutions per codon (not per neucleotide site).

tree length =   2.27742

(1: 0.109058, (((2: 0.165960, 3: 0.062974): 0.034040, (4: 0.000004, 5: 0.087054): 0.058417): 0.188578, ((6: 0.080671, (7: 0.187015, (9: 0.033985, ((16: 0.028865, 17: 0.000004): 0.032798, 15: 0.066230): 0.000000): 0.084624): 0.000000): 0.074522, (((13: 0.031783, 14: 0.000004): 0.000000, 8: 0.000004): 0.000000, ((10: 0.103038, ((18: 0.000004, 19: 0.000004): 0.026669, (20: 0.000004, ((22: 0.000004, 23: 0.054818): 0.000000, 21: 0.054818): 0.031912): 0.000000): 0.000000): 0.064928, (11: 0.032167, 12: 0.137320): 0.000000): 0.000000): 0.065924): 0.000000): 0.379221);

(Otolemur_garnettii: 0.109058, (((Callithrix_jacchus: 0.165960, Saguinus_imperator: 0.062974): 0.034040, (Ateles_sp: 0.000004, Alouatta_seniculus: 0.087054): 0.058417): 0.188578, ((Hylobates_lar: 0.080671, (Pongo_pygmaeus: 0.187015, (Gorilla_gorilla: 0.033985, ((Pan_paniscus: 0.028865, Pan_troglodytes: 0.000004): 0.032798, Homo_sapiens: 0.066230): 0.000000): 0.084624): 0.000000): 0.074522, (((Macaca_fascicularis: 0.031783, Macaca_mulatta: 0.000004): 0.000000, Papio_cynocephalus: 0.000004): 0.000000, ((Nasalis_larvatus: 0.103038, ((Trachypithecus_obscurus: 0.000004, Trachypithecus_cristatus: 0.000004): 0.026669, (Trachypithecus_geei: 0.000004, ((Trachypithecus_johnii: 0.000004, Trachypithecus_vetulus: 0.054818): 0.000000, Semnopithecus_entellus: 0.054818): 0.031912): 0.000000): 0.000000): 0.064928, (Procolobus_badius: 0.032167, Colobus_guereza: 0.137320): 0.000000): 0.000000): 0.065924): 0.000000): 0.379221);

Detailed output identifying parameters

kappa (ts/tv) =  4.21866

dN & dS for each branch

 branch           t        N        S    dN/dS       dN       dS   N*dN   S*dS

  24..1       0.109     63.3     38.7 999.0000   0.0586   0.0001    3.7    0.0
  24..25      0.379     63.3     38.7   0.0001   0.0000   0.3328    0.0   12.9
  25..26      0.189     63.3     38.7   0.1207   0.0167   0.1383    1.1    5.4
  26..27      0.034     63.3     38.7 999.0000   0.0183   0.0000    1.2    0.0
  27..2       0.166     63.3     38.7   2.8774   0.0735   0.0256    4.7    1.0
  27..3       0.063     63.3     38.7 999.0000   0.0338   0.0000    2.1    0.0
  26..28      0.058     63.3     38.7   0.9078   0.0187   0.0207    1.2    0.8
  28..4       0.000     63.3     38.7 303.6288   0.0000   0.0000    0.0    0.0
  28..5       0.087     63.3     38.7   0.3405   0.0167   0.0491    1.1    1.9
  25..29      0.000     63.3     38.7   0.0001   0.0000   0.0000    0.0    0.0
  29..30      0.075     63.3     38.7   1.1588   0.0262   0.0226    1.7    0.9
  30..6       0.081     63.3     38.7   1.2242   0.0289   0.0236    1.8    0.9
  30..31      0.000     63.3     38.7   4.1964   0.0000   0.0000    0.0    0.0
  31..7       0.187     63.3     38.7   3.7804   0.0865   0.0229    5.5    0.9
  31..32      0.085     63.3     38.7 999.0000   0.0455   0.0000    2.9    0.0
  32..9       0.034     63.3     38.7 999.0000   0.0183   0.0000    1.2    0.0
  32..33      0.000     63.3     38.7   3.9241   0.0000   0.0000    0.0    0.0
  33..34      0.033     63.3     38.7 999.0000   0.0176   0.0000    1.1    0.0
  34..16      0.029     63.3     38.7   0.0001   0.0000   0.0253    0.0    1.0
  34..17      0.000     63.3     38.7 546.3287   0.0000   0.0000    0.0    0.0
  33..15      0.066     63.3     38.7 999.0000   0.0356   0.0000    2.3    0.0
  29..35      0.066     63.3     38.7 999.0000   0.0354   0.0000    2.2    0.0
  35..36      0.000     63.3     38.7   2.7946   0.0000   0.0000    0.0    0.0
  36..37      0.000     63.3     38.7   7.7429   0.0000   0.0000    0.0    0.0
  37..13      0.032     63.3     38.7 999.0000   0.0171   0.0000    1.1    0.0
  37..14      0.000     63.3     38.7 999.0000   0.0000   0.0000    0.0    0.0
  36..8       0.000     63.3     38.7 999.0000   0.0000   0.0000    0.0    0.0
  35..38      0.000     63.3     38.7   3.9383   0.0000   0.0000    0.0    0.0
  38..39      0.065     63.3     38.7 999.0000   0.0349   0.0000    2.2    0.0
  39..10      0.103     63.3     38.7 999.0000   0.0553   0.0001    3.5    0.0
  39..40      0.000     63.3     38.7   2.4883   0.0000   0.0000    0.0    0.0
  40..41      0.027     63.3     38.7   0.0001   0.0000   0.0234    0.0    0.9
  41..18      0.000     63.3     38.7 999.0000   0.0000   0.0000    0.0    0.0
  41..19      0.000     63.3     38.7 751.5818   0.0000   0.0000    0.0    0.0
  40..42      0.000     63.3     38.7   3.5361   0.0000   0.0000    0.0    0.0
  42..20      0.000     63.3     38.7 872.8431   0.0000   0.0000    0.0    0.0
  42..43      0.032     63.3     38.7 999.0000   0.0171   0.0000    1.1    0.0
  43..44      0.000     63.3     38.7   0.0001   0.0000   0.0000    0.0    0.0
  44..22      0.000     63.3     38.7   0.0001   0.0000   0.0000    0.0    0.0
  44..23      0.055     63.3     38.7   0.0001   0.0000   0.0481    0.0    1.9
  43..21      0.055     63.3     38.7   0.0001   0.0000   0.0481    0.0    1.9
  38..45      0.000     63.3     38.7   2.1328   0.0000   0.0000    0.0    0.0
  45..11      0.032     63.3     38.7 999.0000   0.0173   0.0000    1.1    0.0
  45..12      0.137     63.3     38.7 999.0000   0.0738   0.0001    4.7    0.0

tree length for dN:      0.74583
tree length for dS:      0.78087

dS tree:
(Otolemur_garnettii: 0.000059, (((Callithrix_jacchus: 0.025560, Saguinus_imperator: 0.000034): 0.000018, (Ateles_sp: 0.000000, Alouatta_seniculus: 0.049100): 0.020653): 0.138255, ((Hylobates_lar: 0.023608, (Pongo_pygmaeus: 0.022882, (Gorilla_gorilla: 0.000018, ((Pan_paniscus: 0.025330, Pan_troglodytes: 0.000000): 0.000018, Homo_sapiens: 0.000036): 0.000000): 0.000045): 0.000000): 0.022614, (((Macaca_fascicularis: 0.000017, Macaca_mulatta: 0.000000): 0.000000, Papio_cynocephalus: 0.000000): 0.000000, ((Nasalis_larvatus: 0.000055, ((Trachypithecus_obscurus: 0.000000, Trachypithecus_cristatus: 0.000000): 0.023403, (Trachypithecus_geei: 0.000000, ((Trachypithecus_johnii: 0.000004, Trachypithecus_vetulus: 0.048104): 0.000000, Semnopithecus_entellus: 0.048104): 0.000017): 0.000000): 0.000000): 0.000035, (Procolobus_badius: 0.000017, Colobus_guereza: 0.000074): 0.000000): 0.000000): 0.000035): 0.000000): 0.332777);
dN tree:
(Otolemur_garnettii: 0.058578, (((Callithrix_jacchus: 0.073544, Saguinus_imperator: 0.033825): 0.018284, (Ateles_sp: 0.000002, Alouatta_seniculus: 0.016721): 0.018750): 0.016690, ((Hylobates_lar: 0.028900, (Pongo_pygmaeus: 0.086500, (Gorilla_gorilla: 0.018254, ((Pan_paniscus: 0.000003, Pan_troglodytes: 0.000002): 0.017617, Homo_sapiens: 0.035574): 0.000000): 0.045454): 0.000000): 0.026205, (((Macaca_fascicularis: 0.017072, Macaca_mulatta: 0.000002): 0.000000, Papio_cynocephalus: 0.000002): 0.000000, ((Nasalis_larvatus: 0.055344, ((Trachypithecus_obscurus: 0.000002, Trachypithecus_cristatus: 0.000002): 0.000002, (Trachypithecus_geei: 0.000002, ((Trachypithecus_johnii: 0.000000, Trachypithecus_vetulus: 0.000005): 0.000000, Semnopithecus_entellus: 0.000005): 0.017141): 0.000000): 0.000000): 0.034874, (Procolobus_badius: 0.017278, Colobus_guereza: 0.073758): 0.000000): 0.000000): 0.035410): 0.000000): 0.000033);

w ratios as labels for TreeView:
(Otolemur_garnettii #999.0000 : 0.058578, (((Callithrix_jacchus#4 #2.8774 : 0.073544, Saguinus_imperator#5 #999.0000 : 0.033825)#3 #999.0000 : 0.018284, (Ateles_sp#7 #303.6288 : 0.000002, Alouatta_seniculus#8 #0.3405 : 0.016721)#6 #0.9078 : 0.018750)#2 #0.1207 : 0.016690, ((Hylobates_lar#11 #1.2242 : 0.028900, (Pongo_pygmaeus#13 #3.7804 : 0.086500, (Gorilla_gorilla#15 #999.0000 : 0.018254, ((Pan_paniscus#18 #0.0001 : 0.000003, Pan_troglodytes#19 #546.3287 : 0.000002)#17 #999.0000 : 0.017617, Homo_sapiens#20 #999.0000 : 0.035574)#16 #3.9241 : 0.000000)#14 #999.0000 : 0.045454)#12 #4.1964 : 0.000000)#10 #1.1588 : 0.026205, (((Macaca_fascicularis#24 #999.0000 : 0.017072, Macaca_mulatta#25 #999.0000 : 0.000002)#23 #7.7429 : 0.000000, Papio_cynocephalus#26 #999.0000 : 0.000002)#22 #2.7946 : 0.000000, ((Nasalis_larvatus#29 #999.0000 : 0.055344, ((Trachypithecus_obscurus#32 #999.0000 : 0.000002, Trachypithecus_cristatus#33 #751.5818 : 0.000002)#31 #0.0001 : 0.000002, (Trachypithecus_geei#35 #872.8431 : 0.000002, ((Trachypithecus_johnii#38 #0.0001 : 0.000000, Trachypithecus_vetulus#39 #0.0001 : 0.000005)#37 #0.0001 : 0.000000, Semnopithecus_entellus#40 #0.0001 : 0.000005)#36 #999.0000 : 0.017141)#34 #3.5361 : 0.000000)#30 #2.4883 : 0.000000)#28 #999.0000 : 0.034874, (Procolobus_badius#42 #999.0000 : 0.017278, Colobus_guereza#43 #999.0000 : 0.073758)#41 #2.1328 : 0.000000)#27 #3.9383 : 0.000000)#21 #999.0000 : 0.035410)#9 #0.0001 : 0.000000)#1 #0.0001 : 0.000033);


Time used: 32:44
